<?xml version="1.0" encoding="UTF-8"?>
<testng-results skipped="0" failed="0" total="1" passed="1">
  <reporter-output>
  </reporter-output>
  <suite name="Default suite" duration-ms="37" started-at="2016-12-20T10:00:03Z" finished-at="2016-12-20T10:00:03Z">
    <groups>
    </groups>
    <test name="Default test" duration-ms="37" started-at="2016-12-20T10:00:03Z" finished-at="2016-12-20T10:00:03Z">
      <class name="Keurig_1.Testclass">
        <test-method status="PASS" signature="Logintest()[pri:0, instance:Keurig_1.Testclass@51081592]" name="Logintest" duration-ms="14" started-at="2016-12-20T15:30:03Z" finished-at="2016-12-20T15:30:03Z">
          <reporter-output>
          </reporter-output>
        </test-method> <!-- Logintest -->
      </class> <!-- Keurig_1.Testclass -->
    </test> <!-- Default test -->
  </suite> <!-- Default suite -->
</testng-results>
