<?xml version="1.0" encoding="UTF-8"?>
<testng-results skipped="0" failed="0" total="1" passed="1">
  <reporter-output>
  </reporter-output>
  <suite name="Suite" duration-ms="64870" started-at="2017-01-10T08:30:19Z" finished-at="2017-01-10T08:31:24Z">
    <groups>
    </groups>
    <test name="Test" duration-ms="64870" started-at="2017-01-10T08:30:19Z" finished-at="2017-01-10T08:31:24Z">
      <class name="userStory_05.Userstory_05">
        <test-method status="PASS" signature="LoginCheck()[pri:0, instance:userStory_05.Userstory_05@224aed64]" name="LoginCheck" duration-ms="64846" started-at="2017-01-10T14:00:19Z" finished-at="2017-01-10T14:01:24Z">
          <reporter-output>
          </reporter-output>
        </test-method> <!-- LoginCheck -->
      </class> <!-- userStory_05.Userstory_05 -->
    </test> <!-- Test -->
  </suite> <!-- Suite -->
</testng-results>
