<?xml version="1.0" encoding="UTF-8"?>
<testng-results skipped="0" failed="0" total="1" passed="1">
  <reporter-output>
  </reporter-output>
  <suite name="Default suite" duration-ms="59578" started-at="2017-01-11T04:29:03Z" finished-at="2017-01-11T04:30:03Z">
    <groups>
    </groups>
    <test name="Default test" duration-ms="59578" started-at="2017-01-11T04:29:03Z" finished-at="2017-01-11T04:30:03Z">
      <class name="userStory_05.Userstory_05">
        <test-method status="PASS" signature="LoginCheck()[pri:0, instance:userStory_05.Userstory_05@5b275dab]" name="LoginCheck" duration-ms="59505" started-at="2017-01-11T09:59:04Z" finished-at="2017-01-11T10:00:03Z">
          <reporter-output>
          </reporter-output>
        </test-method> <!-- LoginCheck -->
      </class> <!-- userStory_05.Userstory_05 -->
    </test> <!-- Default test -->
  </suite> <!-- Default suite -->
</testng-results>
